<?xml version="1.0" encoding="UTF-8"?>
<testng-results skipped="0" failed="0" ignored="0" total="1" passed="1">
  <reporter-output>
  </reporter-output>
  <suite name="Surefire suite" duration-ms="14364" started-at="2021-01-30T06:43:27Z" finished-at="2021-01-30T06:43:41Z">
    <groups>
    </groups>
    <test name="Surefire test" duration-ms="14364" started-at="2021-01-30T06:43:27Z" finished-at="2021-01-30T06:43:41Z">
      <class name="com.reporting.allure.Allure_Testng.NewTest">
        <test-method status="PASS" signature="beforeSuite()[pri:0, instance:com.reporting.allure.Allure_Testng.NewTest@38f57b3d]" name="beforeSuite" is-config="true" duration-ms="84" started-at="2021-01-30T06:43:27Z" finished-at="2021-01-30T06:43:27Z">
          <reporter-output>
          </reporter-output>
        </test-method> <!-- beforeSuite -->
        <test-method status="PASS" signature="beforeTest()[pri:0, instance:com.reporting.allure.Allure_Testng.NewTest@38f57b3d]" name="beforeTest" is-config="true" duration-ms="1" started-at="2021-01-30T06:43:27Z" finished-at="2021-01-30T06:43:27Z">
          <reporter-output>
          </reporter-output>
        </test-method> <!-- beforeTest -->
        <test-method status="PASS" signature="beforeClass()[pri:0, instance:com.reporting.allure.Allure_Testng.NewTest@38f57b3d]" name="beforeClass" is-config="true" duration-ms="6287" started-at="2021-01-30T06:43:27Z" finished-at="2021-01-30T06:43:33Z">
          <reporter-output>
          </reporter-output>
        </test-method> <!-- beforeClass -->
        <test-method status="PASS" signature="beforeMethod()[pri:0, instance:com.reporting.allure.Allure_Testng.NewTest@38f57b3d]" name="beforeMethod" is-config="true" duration-ms="2" started-at="2021-01-30T06:43:33Z" finished-at="2021-01-30T06:43:33Z">
          <reporter-output>
          </reporter-output>
        </test-method> <!-- beforeMethod -->
        <test-method status="PASS" signature="webShopLogin()[pri:0, instance:com.reporting.allure.Allure_Testng.NewTest@38f57b3d]" name="webShopLogin" duration-ms="7327" started-at="2021-01-30T06:43:33Z" finished-at="2021-01-30T06:43:41Z">
          <reporter-output>
          </reporter-output>
        </test-method> <!-- webShopLogin -->
        <test-method status="PASS" signature="afterMethod()[pri:0, instance:com.reporting.allure.Allure_Testng.NewTest@38f57b3d]" name="afterMethod" is-config="true" duration-ms="1" started-at="2021-01-30T06:43:41Z" finished-at="2021-01-30T06:43:41Z">
          <reporter-output>
          </reporter-output>
        </test-method> <!-- afterMethod -->
        <test-method status="PASS" signature="afterClass()[pri:0, instance:com.reporting.allure.Allure_Testng.NewTest@38f57b3d]" name="afterClass" is-config="true" duration-ms="154" started-at="2021-01-30T06:43:41Z" finished-at="2021-01-30T06:43:41Z">
          <reporter-output>
          </reporter-output>
        </test-method> <!-- afterClass -->
        <test-method status="PASS" signature="afterTest()[pri:0, instance:com.reporting.allure.Allure_Testng.NewTest@38f57b3d]" name="afterTest" is-config="true" duration-ms="0" started-at="2021-01-30T06:43:41Z" finished-at="2021-01-30T06:43:41Z">
          <reporter-output>
          </reporter-output>
        </test-method> <!-- afterTest -->
        <test-method status="PASS" signature="afterSuite()[pri:0, instance:com.reporting.allure.Allure_Testng.NewTest@38f57b3d]" name="afterSuite" is-config="true" duration-ms="0" started-at="2021-01-30T06:43:41Z" finished-at="2021-01-30T06:43:41Z">
          <reporter-output>
          </reporter-output>
        </test-method> <!-- afterSuite -->
      </class> <!-- com.reporting.allure.Allure_Testng.NewTest -->
    </test> <!-- Surefire test -->
  </suite> <!-- Surefire suite -->
</testng-results>
