<?xml version="1.0" encoding="UTF-8"?>
<testng-results skipped="0" failed="0" ignored="0" total="1" passed="1">
  <reporter-output>
  </reporter-output>
  <suite name="Suite" duration-ms="31186" started-at="2020-06-30T15:29:06Z" finished-at="2020-06-30T15:29:37Z">
    <groups>
    </groups>
    <test name="Test" duration-ms="31186" started-at="2020-06-30T15:29:06Z" finished-at="2020-06-30T15:29:37Z">
      <class name="com.reporting.allure.Allure_Testng.NewTest">
        <test-method status="PASS" signature="beforeSuite()[pri:0, instance:com.reporting.allure.Allure_Testng.NewTest@1133ec6e]" name="beforeSuite" is-config="true" duration-ms="245" started-at="2020-06-30T15:29:06Z" finished-at="2020-06-30T15:29:06Z">
          <reporter-output>
          </reporter-output>
        </test-method> <!-- beforeSuite -->
        <test-method status="PASS" signature="beforeTest()[pri:0, instance:com.reporting.allure.Allure_Testng.NewTest@1133ec6e]" name="beforeTest" is-config="true" duration-ms="1" started-at="2020-06-30T15:29:06Z" finished-at="2020-06-30T15:29:06Z">
          <reporter-output>
          </reporter-output>
        </test-method> <!-- beforeTest -->
        <test-method status="PASS" signature="beforeClass()[pri:0, instance:com.reporting.allure.Allure_Testng.NewTest@1133ec6e]" name="beforeClass" is-config="true" duration-ms="22636" started-at="2020-06-30T15:29:06Z" finished-at="2020-06-30T15:29:29Z">
          <reporter-output>
          </reporter-output>
        </test-method> <!-- beforeClass -->
        <test-method status="PASS" signature="beforeMethod()[pri:0, instance:com.reporting.allure.Allure_Testng.NewTest@1133ec6e]" name="beforeMethod" is-config="true" duration-ms="1" started-at="2020-06-30T15:29:29Z" finished-at="2020-06-30T15:29:29Z">
          <reporter-output>
          </reporter-output>
        </test-method> <!-- beforeMethod -->
        <test-method status="PASS" signature="webShopLogin()[pri:0, instance:com.reporting.allure.Allure_Testng.NewTest@1133ec6e]" name="webShopLogin" duration-ms="7426" started-at="2020-06-30T15:29:29Z" finished-at="2020-06-30T15:29:37Z">
          <reporter-output>
          </reporter-output>
        </test-method> <!-- webShopLogin -->
        <test-method status="PASS" signature="afterMethod()[pri:0, instance:com.reporting.allure.Allure_Testng.NewTest@1133ec6e]" name="afterMethod" is-config="true" duration-ms="3" started-at="2020-06-30T15:29:37Z" finished-at="2020-06-30T15:29:37Z">
          <reporter-output>
          </reporter-output>
        </test-method> <!-- afterMethod -->
        <test-method status="PASS" signature="afterClass()[pri:0, instance:com.reporting.allure.Allure_Testng.NewTest@1133ec6e]" name="afterClass" is-config="true" duration-ms="354" started-at="2020-06-30T15:29:37Z" finished-at="2020-06-30T15:29:37Z">
          <reporter-output>
          </reporter-output>
        </test-method> <!-- afterClass -->
        <test-method status="PASS" signature="afterTest()[pri:0, instance:com.reporting.allure.Allure_Testng.NewTest@1133ec6e]" name="afterTest" is-config="true" duration-ms="1" started-at="2020-06-30T15:29:37Z" finished-at="2020-06-30T15:29:37Z">
          <reporter-output>
          </reporter-output>
        </test-method> <!-- afterTest -->
        <test-method status="PASS" signature="afterSuite()[pri:0, instance:com.reporting.allure.Allure_Testng.NewTest@1133ec6e]" name="afterSuite" is-config="true" duration-ms="0" started-at="2020-06-30T15:29:37Z" finished-at="2020-06-30T15:29:37Z">
          <reporter-output>
          </reporter-output>
        </test-method> <!-- afterSuite -->
      </class> <!-- com.reporting.allure.Allure_Testng.NewTest -->
    </test> <!-- Test -->
  </suite> <!-- Suite -->
</testng-results>
